[     408ms] [INFO] %cDownload the React DevTools for a better development experience: https://react.dev/link/react-devtools font-weight:bold @ http://localhost:1420/node_modules/.vite/deps/react-dom_client.js?v=860af004:14089
[     472ms] [WARNING] [date-time-format] failed to load system date/time preferences {error: TypeError: Cannot read properties of undefined (reading 'invoke')
    at invoke (http://localhost:1…} @ http://localhost:1420/src/lib/date-time-format.ts:13
[     524ms] TypeError: Cannot read properties of undefined (reading 'transformCallback')
    at transformCallback (http://localhost:1420/node_modules/.vite/deps/core-CiAWZT4G.js?v=860af004:90:36)
    at listen (http://localhost:1420/node_modules/.vite/deps/@tauri-apps_api_event.js?v=860af004:74:12)
    at http://localhost:1420/src/workspaces/event-log/evtx-store.ts:292:1
[     533ms] [INFO] [log-source] refreshing known source metadata @ http://localhost:1420/src/lib/log-source.ts:317
[     534ms] [WARNING] [toolbar] failed to detect platform {error: TypeError: Cannot read properties of undefined (reading 'platform')
    at platform (http://localho…} @ http://localhost:1420/src/components/layout/Toolbar.tsx:531
[     538ms] TypeError: Cannot read properties of undefined (reading 'metadata')
    at getCurrentWindow (http://localhost:1420/node_modules/.vite/deps/@tauri-apps_api_window.js?v=860af004:81:47)
    at getCurrentWebview (http://localhost:1420/node_modules/.vite/deps/@tauri-apps_api_webviewWindow.js?v=860af004:25:21)
    at getCurrentWebviewWindow (http://localhost:1420/node_modules/.vite/deps/@tauri-apps_api_webviewWindow.js?v=860af004:550:27)
    at http://localhost:1420/src/hooks/use-drag-drop.ts:14:21
    at Object.react_stack_bottom_frame (http://localhost:1420/node_modules/.vite/deps/react-dom_client.js?v=860af004:12656:13)
    at runWithFiberInDEV (http://localhost:1420/node_modules/.vite/deps/react-dom_client.js?v=860af004:603:66)
    at commitHookEffectListMount (http://localhost:1420/node_modules/.vite/deps/react-dom_client.js?v=860af004:6369:153)
    at commitHookPassiveMountEffects (http://localhost:1420/node_modules/.vite/deps/react-dom_client.js?v=860af004:6404:55)
    at commitPassiveMountOnFiber (http://localhost:1420/node_modules/.vite/deps/react-dom_client.js?v=860af004:7370:22)
    at recursivelyTraversePassiveMountEffects (http://localhost:1420/node_modules/.vite/deps/react-dom_client.js?v=860af004:7358:5)
[     538ms] [WARNING] %s

%s
 An error occurred in the <AppShell> component. Consider adding an error boundary to your tree to customize error handling behavior.
Visit https://react.dev/link/error-boundaries to learn more about error boundaries. @ http://localhost:1420/node_modules/.vite/deps/react-dom_client.js?v=860af004:5009
[     539ms] TypeError: Cannot read properties of undefined (reading 'metadata')
    at getCurrentWindow (http://localhost:1420/node_modules/.vite/deps/@tauri-apps_api_window.js?v=860af004:81:47)
    at http://localhost:1420/src/main.tsx:32:3
    at Object.react_stack_bottom_frame (http://localhost:1420/node_modules/.vite/deps/react-dom_client.js?v=860af004:12656:13)
    at runWithFiberInDEV (http://localhost:1420/node_modules/.vite/deps/react-dom_client.js?v=860af004:603:66)
    at commitHookEffectListMount (http://localhost:1420/node_modules/.vite/deps/react-dom_client.js?v=860af004:6369:153)
    at commitHookPassiveMountEffects (http://localhost:1420/node_modules/.vite/deps/react-dom_client.js?v=860af004:6404:55)
    at commitPassiveMountOnFiber (http://localhost:1420/node_modules/.vite/deps/react-dom_client.js?v=860af004:7370:22)
    at recursivelyTraversePassiveMountEffects (http://localhost:1420/node_modules/.vite/deps/react-dom_client.js?v=860af004:7358:5)
    at commitPassiveMountOnFiber (http://localhost:1420/node_modules/.vite/deps/react-dom_client.js?v=860af004:7424:14)
    at recursivelyTraversePassiveMountEffects (http://localhost:1420/node_modules/.vite/deps/react-dom_client.js?v=860af004:7358:5)
[     538ms] [WARNING] %s

%s
 An error occurred in the <AppRoot> component. Consider adding an error boundary to your tree to customize error handling behavior.
Visit https://react.dev/link/error-boundaries to learn more about error boundaries. @ http://localhost:1420/node_modules/.vite/deps/react-dom_client.js?v=860af004:5009
[     539ms] [ERROR] [app-menu] failed to clean up menu action listener {error: TypeError: Cannot read properties of undefined (reading 'transformCallback')
    at transformCallba…} @ http://localhost:1420/src/hooks/use-app-menu.ts:97
[     539ms] [WARNING] [toolbar] failed to refresh known sources {error: TypeError: Cannot read properties of undefined (reading 'invoke')
    at invoke (http://localhost:1…} @ http://localhost:1420/src/components/layout/Toolbar.tsx:509
[     539ms] [WARNING] [toolbar] failed to load build workspace availability {error: TypeError: Cannot read properties of undefined (reading 'invoke')
    at invoke (http://localhost:1…} @ http://localhost:1420/src/components/layout/Toolbar.tsx:519
[     542ms] TypeError: Cannot read properties of undefined (reading 'transformCallback')
    at transformCallback (http://localhost:1420/node_modules/.vite/deps/core-CiAWZT4G.js?v=860af004:90:36)
    at listen (http://localhost:1420/node_modules/.vite/deps/@tauri-apps_api_event.js?v=860af004:74:12)
    at http://localhost:1420/src/hooks/use-collection-progress-listener.ts:8:20
    at Object.react_stack_bottom_frame (http://localhost:1420/node_modules/.vite/deps/react-dom_client.js?v=860af004:12656:13)
    at runWithFiberInDEV (http://localhost:1420/node_modules/.vite/deps/react-dom_client.js?v=860af004:603:66)
    at commitHookEffectListMount (http://localhost:1420/node_modules/.vite/deps/react-dom_client.js?v=860af004:6369:153)
    at commitHookPassiveMountEffects (http://localhost:1420/node_modules/.vite/deps/react-dom_client.js?v=860af004:6404:55)
    at commitPassiveMountOnFiber (http://localhost:1420/node_modules/.vite/deps/react-dom_client.js?v=860af004:7370:22)
    at recursivelyTraversePassiveMountEffects (http://localhost:1420/node_modules/.vite/deps/react-dom_client.js?v=860af004:7358:5)
    at commitPassiveMountOnFiber (http://localhost:1420/node_modules/.vite/deps/react-dom_client.js?v=860af004:7369:6)
[     542ms] TypeError: Cannot read properties of undefined (reading 'transformCallback')
    at transformCallback (http://localhost:1420/node_modules/.vite/deps/core-CiAWZT4G.js?v=860af004:90:36)
    at listen (http://localhost:1420/node_modules/.vite/deps/@tauri-apps_api_event.js?v=860af004:74:12)
    at http://localhost:1420/src/hooks/use-parse-progress-listener.ts:20:20
    at Object.react_stack_bottom_frame (http://localhost:1420/node_modules/.vite/deps/react-dom_client.js?v=860af004:12656:13)
    at runWithFiberInDEV (http://localhost:1420/node_modules/.vite/deps/react-dom_client.js?v=860af004:603:66)
    at commitHookEffectListMount (http://localhost:1420/node_modules/.vite/deps/react-dom_client.js?v=860af004:6369:153)
    at commitHookPassiveMountEffects (http://localhost:1420/node_modules/.vite/deps/react-dom_client.js?v=860af004:6404:55)
    at commitPassiveMountOnFiber (http://localhost:1420/node_modules/.vite/deps/react-dom_client.js?v=860af004:7370:22)
    at recursivelyTraversePassiveMountEffects (http://localhost:1420/node_modules/.vite/deps/react-dom_client.js?v=860af004:7358:5)
    at commitPassiveMountOnFiber (http://localhost:1420/node_modules/.vite/deps/react-dom_client.js?v=860af004:7369:6)
[     542ms] TypeError: Cannot read properties of undefined (reading 'transformCallback')
    at transformCallback (http://localhost:1420/node_modules/.vite/deps/core-CiAWZT4G.js?v=860af004:90:36)
    at listen (http://localhost:1420/node_modules/.vite/deps/@tauri-apps_api_event.js?v=860af004:74:12)
    at http://localhost:1420/src/hooks/use-file-watcher.ts:78:20
    at Object.react_stack_bottom_frame (http://localhost:1420/node_modules/.vite/deps/react-dom_client.js?v=860af004:12656:13)
    at runWithFiberInDEV (http://localhost:1420/node_modules/.vite/deps/react-dom_client.js?v=860af004:603:66)
    at commitHookEffectListMount (http://localhost:1420/node_modules/.vite/deps/react-dom_client.js?v=860af004:6369:153)
    at commitHookPassiveMountEffects (http://localhost:1420/node_modules/.vite/deps/react-dom_client.js?v=860af004:6404:55)
    at commitPassiveMountOnFiber (http://localhost:1420/node_modules/.vite/deps/react-dom_client.js?v=860af004:7370:22)
    at recursivelyTraversePassiveMountEffects (http://localhost:1420/node_modules/.vite/deps/react-dom_client.js?v=860af004:7358:5)
    at commitPassiveMountOnFiber (http://localhost:1420/node_modules/.vite/deps/react-dom_client.js?v=860af004:7369:6)
[     543ms] TypeError: Cannot read properties of undefined (reading 'transformCallback')
    at transformCallback (http://localhost:1420/node_modules/.vite/deps/core-CiAWZT4G.js?v=860af004:90:36)
    at listen (http://localhost:1420/node_modules/.vite/deps/@tauri-apps_api_event.js?v=860af004:74:12)
    at http://localhost:1420/src/workspaces/intune/use-intune-analysis-progress.ts:8:20
    at Object.react_stack_bottom_frame (http://localhost:1420/node_modules/.vite/deps/react-dom_client.js?v=860af004:12656:13)
    at runWithFiberInDEV (http://localhost:1420/node_modules/.vite/deps/react-dom_client.js?v=860af004:603:66)
    at commitHookEffectListMount (http://localhost:1420/node_modules/.vite/deps/react-dom_client.js?v=860af004:6369:153)
    at commitHookPassiveMountEffects (http://localhost:1420/node_modules/.vite/deps/react-dom_client.js?v=860af004:6404:55)
    at commitPassiveMountOnFiber (http://localhost:1420/node_modules/.vite/deps/react-dom_client.js?v=860af004:7370:22)
    at recursivelyTraversePassiveMountEffects (http://localhost:1420/node_modules/.vite/deps/react-dom_client.js?v=860af004:7358:5)
    at commitPassiveMountOnFiber (http://localhost:1420/node_modules/.vite/deps/react-dom_client.js?v=860af004:7369:6)
[     543ms] TypeError: Cannot read properties of undefined (reading 'transformCallback')
    at transformCallback (http://localhost:1420/node_modules/.vite/deps/core-CiAWZT4G.js?v=860af004:90:36)
    at listen (http://localhost:1420/node_modules/.vite/deps/@tauri-apps_api_event.js?v=860af004:74:12)
    at http://localhost:1420/src/workspaces/sysmon/use-sysmon-analysis-progress.ts:8:20
    at Object.react_stack_bottom_frame (http://localhost:1420/node_modules/.vite/deps/react-dom_client.js?v=860af004:12656:13)
    at runWithFiberInDEV (http://localhost:1420/node_modules/.vite/deps/react-dom_client.js?v=860af004:603:66)
    at commitHookEffectListMount (http://localhost:1420/node_modules/.vite/deps/react-dom_client.js?v=860af004:6369:153)
    at commitHookPassiveMountEffects (http://localhost:1420/node_modules/.vite/deps/react-dom_client.js?v=860af004:6404:55)
    at commitPassiveMountOnFiber (http://localhost:1420/node_modules/.vite/deps/react-dom_client.js?v=860af004:7370:22)
    at recursivelyTraversePassiveMountEffects (http://localhost:1420/node_modules/.vite/deps/react-dom_client.js?v=860af004:7358:5)
    at commitPassiveMountOnFiber (http://localhost:1420/node_modules/.vite/deps/react-dom_client.js?v=860af004:7369:6)
[   15359ms] [INFO] %cDownload the React DevTools for a better development experience: https://react.dev/link/react-devtools font-weight:bold @ http://localhost:1420/node_modules/.vite/deps/react-dom_client.js?v=860af004:14089
[   15534ms] [INFO] [log-source] refreshing known source metadata @ http://localhost:1420/src/lib/log-source.ts:317
[   66179ms] [INFO] [ui-store] changing active workspace {previousWorkspace: log, workspace: intune} @ http://localhost:1420/src/stores/ui-store.ts:125
[   70377ms] [INFO] [ui-store] changing active workspace {previousWorkspace: intune, workspace: deployment} @ http://localhost:1420/src/stores/ui-store.ts:125
